Sat Apr  6 07:40:52 PM UTC 2024 - jovyan ran ./uuid_generator.sh with args: ./uuid_generator.sh
Sat Apr  6 07:41:25 PM UTC 2024 - jovyan ran ./uuid_generator.sh with args: ./uuid_generator.sh
Sat Apr 13 12:21:37 PM UTC 2024 - jovyan ran ./uuid_generator.sh with args: ./uuid_generator.sh
Sat Apr 13 12:32:01 PM UTC 2024 - jovyan ran ./uuid_generator.sh with args: ./uuid_generator.sh
Sat Apr 13 12:32:14 PM UTC 2024 - jovyan ran ./uuid_generator.sh with args: ./uuid_generator.sh
Sat Apr 13 12:32:22 PM UTC 2024 - jovyan ran ./uuid_generator.sh with args: ./uuid_generator.sh
Sat Apr 13 12:32:31 PM UTC 2024 - jovyan ran ./uuid_generator.sh with args: ./uuid_generator.sh
Sat Apr 13 01:00:49 PM UTC 2024 - jovyan ran ./uuid_generator.sh with args: ./uuid_generator.sh
Script PID: 701
Script PID: 368
Mon Apr 22 03:56:02 PM UTC 2024 - jovyan ran ./uuid_generator.sh with args: ./uuid_generator.sh
Script PID: 391
Mon Apr 22 03:58:27 PM UTC 2024 - jovyan ran ./uuid_generator.sh with args: ./uuid_generator.sh
Script PID: 397
Mon Apr 22 03:58:33 PM UTC 2024 - jovyan ran ./uuid_generator.sh with args: ./uuid_generator.sh
Script PID: 211
Fri Apr 26 04:49:20 PM UTC 2024 - jovyan ran ./uuid_generator.sh with args: ./uuid_generator.sh
Script PID: 220
Fri Apr 26 04:50:06 PM UTC 2024 - jovyan ran ./uuid_generator.sh with args: ./uuid_generator.sh
Script PID: 388
Sat Apr 27 04:03:32 PM UTC 2024 - jovyan ran ./uuid_generator.sh with args: ./uuid_generator.sh
Script PID: 395
Sat Apr 27 04:03:53 PM UTC 2024 - jovyan ran ./uuid_generator.sh with args: ./uuid_generator.sh
Script PID: 399
Sat Apr 27 04:03:59 PM UTC 2024 - jovyan ran ./uuid_generator.sh with args: ./uuid_generator.sh
Script PID: 404
Sat Apr 27 04:04:04 PM UTC 2024 - jovyan ran ./uuid_generator.sh with args: ./uuid_generator.sh
Script PID: 410
Sat Apr 27 04:04:08 PM UTC 2024 - jovyan ran ./uuid_generator.sh with args: ./uuid_generator.sh
Script PID: 420
Sat Apr 27 04:05:06 PM UTC 2024 - jovyan ran ./uuid_generator.sh with args: ./uuid_generator.sh
Script PID: 522
Sat Apr 27 04:06:43 PM UTC 2024 - jovyan ran ./uuid_generator.sh with args: ./uuid_generator.sh
Script PID: 900
Sat Apr 27 04:40:24 PM UTC 2024 - jovyan ran ./uuid_generator.sh with args: ./uuid_generator.sh
Script PID: 406
Sun Apr 28 03:20:42 PM UTC 2024 - jovyan ran ./uuid_generator.sh with args: ./uuid_generator.sh
Script PID: 456
Sun Apr 28 03:28:40 PM UTC 2024 - jovyan ran ./uuid_generator.sh with args: ./uuid_generator.sh
PID for find/awk subprocess handling files of type .sh in _Directory/subdirectory_1: 458
PID for find/awk subprocess handling files of type .dat in _Directory/subdirectory_1: 459
PID for find/awk subprocess handling files of type .jpg in _Directory/subdirectory_1: 460
PID for find/awk subprocess handling files of type .png in _Directory/subdirectory_1: 462
PID for find/awk subprocess handling files of type .txt in _Directory/subdirectory_1: 464
PID for find/awk subprocess handling files of type .sh in _Directory/subdirectory_2: 493
PID for find/awk subprocess handling files of type .dat in _Directory/subdirectory_2: 494
PID for find/awk subprocess handling files of type .jpg in _Directory/subdirectory_2: 495
PID for find/awk subprocess handling files of type .png in _Directory/subdirectory_2: 496
PID for find/awk subprocess handling files of type .txt in _Directory/subdirectory_2: 497
PID for find/awk subprocess handling files of type .sh in _Directory/subdirectory_3: 528
PID for find/awk subprocess handling files of type .dat in _Directory/subdirectory_3: 529
PID for find/awk subprocess handling files of type .jpg in _Directory/subdirectory_3: 530
PID for find/awk subprocess handling files of type .png in _Directory/subdirectory_3: 531
PID for find/awk subprocess handling files of type .txt in _Directory/subdirectory_3: 532
Script PID: 772
Sun Apr 28 03:57:51 PM UTC 2024 - jovyan ran ./uuid_generator.sh with args: ./uuid_generator.sh
